<?xml version="1.0" encoding="UTF-8"?>
<!-- Generated by org.testng.reporters.JUnitReportReporter -->
<testsuite hostname="DESKTOP-5D97ORV" failures="0" tests="1" name="webautomation.portofolio.RegistrationTest" time="13.489" errors="0" timestamp="2022-04-29T04:36:57 ICT" skipped="0">
  <testcase classname="webautomation.portofolio.RegistrationTest" name="test" time="13.489"/>
  <system-out/>
</testsuite> <!-- webautomation.portofolio.RegistrationTest -->
