<?xml version="1.0" encoding="UTF-8"?>
<!-- Generated by org.testng.reporters.JUnitReportReporter -->
<testsuite hostname="DESKTOP-5D97ORV" failures="0" tests="1" name="webautomation.portofolio.AddToCartOutOfStock" time="24.679" errors="0" timestamp="2022-04-29T14:11:36 ICT" skipped="0">
  <testcase classname="webautomation.portofolio.AddToCartOutOfStock" name="test" time="24.679"/>
  <system-out/>
</testsuite> <!-- webautomation.portofolio.AddToCartOutOfStock -->
