<?xml version="1.0" encoding="UTF-8"?>
<!-- Generated by org.testng.reporters.JUnitReportReporter -->
<testsuite hostname="DESKTOP-5D97ORV" failures="0" tests="1" name="webautomation.portofolio.LoginNegativeTest" time="8.351" errors="0" timestamp="2022-04-29T04:58:22 ICT" skipped="0">
  <testcase classname="webautomation.portofolio.LoginNegativeTest" name="test4" time="8.351"/>
  <system-out/>
</testsuite> <!-- webautomation.portofolio.LoginNegativeTest -->
