<?xml version="1.0" encoding="UTF-8"?>
<!-- Generated by org.testng.reporters.JUnitReportReporter -->
<testsuite hostname="DESKTOP-5D97ORV" failures="0" tests="1" name="webautomation.AddToCartWithoutRegisterTest" time="84.458" errors="0" timestamp="2022-05-24T14:02:55 ICT" skipped="0">
  <testcase classname="webautomation.AddToCartWithoutRegisterTest" name="non_registered_user_able_additemtocart" time="84.458"/>
  <system-out/>
</testsuite> <!-- webautomation.AddToCartWithoutRegisterTest -->
