<?xml version="1.0" encoding="UTF-8"?>
<!-- Generated by org.testng.reporters.JUnitReportReporter -->
<testsuite hostname="DESKTOP-5D97ORV" failures="0" tests="1" name="webautomation.LoginPositiveTest" time="10.920" errors="0" timestamp="2022-05-24T15:23:09 ICT" skipped="0">
  <testcase classname="webautomation.LoginPositiveTest" name="registered_user_able_addtocart" time="10.920"/>
  <system-out/>
</testsuite> <!-- webautomation.LoginPositiveTest -->
