<?xml version="1.0" encoding="UTF-8"?>
<!-- Generated by org.testng.reporters.JUnitReportReporter -->
<testsuite hostname="DESKTOP-5D97ORV" failures="0" tests="1" name="webautomation.portofolio.MainTest" time="79.508" errors="0" timestamp="2022-04-28T23:50:24 ICT" skipped="0">
  <testcase classname="webautomation.portofolio.MainTest" name="test" time="79.508"/>
  <system-out/>
</testsuite> <!-- webautomation.portofolio.MainTest -->
