<?xml version="1.0" encoding="UTF-8"?>
<!-- Generated by org.testng.reporters.JUnitReportReporter -->
<testsuite hostname="DESKTOP-5D97ORV" failures="0" tests="4" name="webautomation.LoginNegativeTest" time="38.619" errors="0" timestamp="2022-05-24T15:23:09 ICT" skipped="0">
  <testcase classname="webautomation.LoginNegativeTest" name="user_login_with_both_email_and_password_form_empty" time="8.658"/>
  <system-out/>
  <testcase classname="webautomation.LoginNegativeTest" name="user_login_with_correct_mail_but_with_incorrect_password" time="10.226"/>
  <system-out/>
  <testcase classname="webautomation.LoginNegativeTest" name="user_login_with_incorect_email_and_incorrect_password" time="10.482"/>
  <system-out/>
  <testcase classname="webautomation.LoginNegativeTest" name="user_login_with_incorrect_email_but_with_correct_password" time="9.253"/>
  <system-out/>
</testsuite> <!-- webautomation.LoginNegativeTest -->
