<?xml version="1.0" encoding="UTF-8"?>
<!-- Generated by org.testng.reporters.JUnitReportReporter -->
<testsuite hostname="DESKTOP-5D97ORV" failures="0" tests="2" name="webautomation.RegistrationNegativeTest" time="22.936" errors="0" timestamp="2022-05-24T15:23:09 ICT" skipped="0">
  <testcase classname="webautomation.RegistrationNegativeTest" name="user_regist_with_valid_credentials_but_with_incorrect_password_format" time="10.224"/>
  <system-out/>
  <testcase classname="webautomation.RegistrationNegativeTest" name="user_regist_with_invalid_credentials_but_with_correct_password_format" time="12.712"/>
  <system-out/>
</testsuite> <!-- webautomation.RegistrationNegativeTest -->
