<?xml version="1.0" encoding="UTF-8"?>
<!-- Generated by org.testng.reporters.JUnitReportReporter -->
<testsuite hostname="DESKTOP-5D97ORV" failures="0" tests="1" name="webautomation.portofolio.APITest" time="5.643" errors="0" timestamp="2022-05-10T14:01:05 ICT" skipped="0">
  <testcase classname="webautomation.portofolio.APITest" name="testLoginAPI" time="5.643"/>
  <system-out/>
</testsuite> <!-- webautomation.portofolio.APITest -->
