<?xml version="1.0" encoding="UTF-8"?>
<!-- Generated by org.testng.reporters.JUnitReportReporter -->
<testsuite hostname="DESKTOP-5D97ORV" failures="0" tests="1" name="webautomation.RegistrationPositiveTest" time="18.454" errors="0" timestamp="2022-05-24T15:23:09 ICT" skipped="0">
  <testcase classname="webautomation.RegistrationPositiveTest" name="user_login_with_correct_credentials_and_correct_password_format" time="18.454"/>
  <system-out/>
</testsuite> <!-- webautomation.RegistrationPositiveTest -->
