<?xml version="1.0" encoding="UTF-8"?>
<!-- Generated by org.testng.reporters.JUnitReportReporter -->
<testsuite hostname="DESKTOP-5D97ORV" failures="0" tests="1" name="webautomation.LoginPositiveTest" time="35.961" errors="0" timestamp="2022-05-24T14:02:55 ICT" skipped="0">
  <testcase classname="webautomation.LoginPositiveTest" name="registered_user_able_addtocart" time="35.961"/>
  <system-out/>
</testsuite> <!-- webautomation.LoginPositiveTest -->
